-------------------------------------------------------------------------------
Test set: com.noinch.mall.springboot.starter.elasticsearch.ElasticTest
-------------------------------------------------------------------------------
Tests run: 5, Failures: 0, Errors: 5, Skipped: 0, Time elapsed: 2.461 s <<< FAILURE! -- in com.noinch.mall.springboot.starter.elasticsearch.ElasticTest
com.noinch.mall.springboot.starter.elasticsearch.ElasticTest.testGetDocument -- Time elapsed: 0.990 s <<< ERROR!
org.apache.http.ConnectionClosedException: Connection is closed
	at org.elasticsearch.client.RestClient.extractAndWrapCause(RestClient.java:920)
	at org.elasticsearch.client.RestClient.performRequest(RestClient.java:300)
	at org.elasticsearch.client.RestClient.performRequest(RestClient.java:288)
	at co.elastic.clients.transport.rest_client.RestClientHttpClient.performRequest(RestClientHttpClient.java:91)
	at co.elastic.clients.transport.ElasticsearchTransportBase.performRequest(ElasticsearchTransportBase.java:144)
	at co.elastic.clients.elasticsearch.ElasticsearchClient.index(ElasticsearchClient.java:1141)
	at com.noinch.mall.springboot.starter.elasticsearch.ElasticTest.setUp(ElasticTest.java:66)
	at java.base/java.lang.reflect.Method.invoke(Method.java:580)
	at java.base/java.util.ArrayList.forEach(ArrayList.java:1596)
	at java.base/java.util.ArrayList.forEach(ArrayList.java:1596)
	Suppressed: java.io.IOException: Connection reset
		at org.elasticsearch.client.RestClient.extractAndWrapCause(RestClient.java:935)
		at org.elasticsearch.client.RestClient.performRequest(RestClient.java:300)
		at org.elasticsearch.client.RestClient.performRequest(RestClient.java:288)
		at co.elastic.clients.transport.rest_client.RestClientHttpClient.performRequest(RestClientHttpClient.java:91)
		at co.elastic.clients.transport.ElasticsearchTransportBase.performRequest(ElasticsearchTransportBase.java:144)
		at co.elastic.clients.elasticsearch.ElasticsearchClient.delete(ElasticsearchClient.java:564)
		at com.noinch.mall.springboot.starter.elasticsearch.ElasticTest.tearDown(ElasticTest.java:79)
		... 3 more
	Caused by: java.net.SocketException: Connection reset
		at java.base/sun.nio.ch.SocketChannelImpl.throwConnectionReset(SocketChannelImpl.java:401)
		at java.base/sun.nio.ch.SocketChannelImpl.read(SocketChannelImpl.java:434)
		at org.apache.http.nio.reactor.ssl.SSLIOSession.receiveEncryptedData(SSLIOSession.java:482)
		at org.apache.http.nio.reactor.ssl.SSLIOSession.isAppInputReady(SSLIOSession.java:544)
		at org.apache.http.impl.nio.reactor.AbstractIODispatch.inputReady(AbstractIODispatch.java:120)
		at org.apache.http.impl.nio.reactor.BaseIOReactor.readable(BaseIOReactor.java:162)
		at org.apache.http.impl.nio.reactor.AbstractIOReactor.processEvent(AbstractIOReactor.java:337)
		at org.apache.http.impl.nio.reactor.AbstractIOReactor.processEvents(AbstractIOReactor.java:315)
		at org.apache.http.impl.nio.reactor.AbstractIOReactor.execute(AbstractIOReactor.java:276)
		at org.apache.http.impl.nio.reactor.BaseIOReactor.execute(BaseIOReactor.java:104)
		at org.apache.http.impl.nio.reactor.AbstractMultiworkerIOReactor$Worker.run(AbstractMultiworkerIOReactor.java:591)
		at java.base/java.lang.Thread.run(Thread.java:1583)
Caused by: org.apache.http.ConnectionClosedException: Connection is closed
	at org.apache.http.nio.protocol.HttpAsyncRequestExecutor.endOfInput(HttpAsyncRequestExecutor.java:356)
	at org.apache.http.impl.nio.DefaultNHttpClientConnection.consumeInput(DefaultNHttpClientConnection.java:261)
	at org.apache.http.impl.nio.client.InternalIODispatch.onInputReady(InternalIODispatch.java:87)
	at org.apache.http.impl.nio.client.InternalIODispatch.onInputReady(InternalIODispatch.java:40)
	at org.apache.http.impl.nio.reactor.AbstractIODispatch.inputReady(AbstractIODispatch.java:121)
	at org.apache.http.impl.nio.reactor.BaseIOReactor.readable(BaseIOReactor.java:162)
	at org.apache.http.impl.nio.reactor.AbstractIOReactor.processEvent(AbstractIOReactor.java:337)
	at org.apache.http.impl.nio.reactor.AbstractIOReactor.processEvents(AbstractIOReactor.java:315)
	at org.apache.http.impl.nio.reactor.AbstractIOReactor.execute(AbstractIOReactor.java:276)
	at org.apache.http.impl.nio.reactor.BaseIOReactor.execute(BaseIOReactor.java:104)
	at org.apache.http.impl.nio.reactor.AbstractMultiworkerIOReactor$Worker.run(AbstractMultiworkerIOReactor.java:591)
	at java.base/java.lang.Thread.run(Thread.java:1583)

com.noinch.mall.springboot.starter.elasticsearch.ElasticTest.testSearchWithElasticsearchClient -- Time elapsed: 0.018 s <<< ERROR!
java.io.IOException: Connection reset
	at org.elasticsearch.client.RestClient.extractAndWrapCause(RestClient.java:935)
	at org.elasticsearch.client.RestClient.performRequest(RestClient.java:300)
	at org.elasticsearch.client.RestClient.performRequest(RestClient.java:288)
	at co.elastic.clients.transport.rest_client.RestClientHttpClient.performRequest(RestClientHttpClient.java:91)
	at co.elastic.clients.transport.ElasticsearchTransportBase.performRequest(ElasticsearchTransportBase.java:144)
	at co.elastic.clients.elasticsearch.ElasticsearchClient.index(ElasticsearchClient.java:1141)
	at com.noinch.mall.springboot.starter.elasticsearch.ElasticTest.setUp(ElasticTest.java:66)
	at java.base/java.lang.reflect.Method.invoke(Method.java:580)
	at java.base/java.util.ArrayList.forEach(ArrayList.java:1596)
	at java.base/java.util.ArrayList.forEach(ArrayList.java:1596)
	Suppressed: java.io.IOException: Connection reset
		at org.elasticsearch.client.RestClient.extractAndWrapCause(RestClient.java:935)
		at org.elasticsearch.client.RestClient.performRequest(RestClient.java:300)
		at org.elasticsearch.client.RestClient.performRequest(RestClient.java:288)
		at co.elastic.clients.transport.rest_client.RestClientHttpClient.performRequest(RestClientHttpClient.java:91)
		at co.elastic.clients.transport.ElasticsearchTransportBase.performRequest(ElasticsearchTransportBase.java:144)
		at co.elastic.clients.elasticsearch.ElasticsearchClient.delete(ElasticsearchClient.java:564)
		at com.noinch.mall.springboot.starter.elasticsearch.ElasticTest.tearDown(ElasticTest.java:79)
		... 3 more
	Caused by: java.net.SocketException: Connection reset
		at java.base/sun.nio.ch.SocketChannelImpl.throwConnectionReset(SocketChannelImpl.java:401)
		at java.base/sun.nio.ch.SocketChannelImpl.read(SocketChannelImpl.java:434)
		at org.apache.http.nio.reactor.ssl.SSLIOSession.receiveEncryptedData(SSLIOSession.java:482)
		at org.apache.http.nio.reactor.ssl.SSLIOSession.isAppInputReady(SSLIOSession.java:544)
		at org.apache.http.impl.nio.reactor.AbstractIODispatch.inputReady(AbstractIODispatch.java:120)
		at org.apache.http.impl.nio.reactor.BaseIOReactor.readable(BaseIOReactor.java:162)
		at org.apache.http.impl.nio.reactor.AbstractIOReactor.processEvent(AbstractIOReactor.java:337)
		at org.apache.http.impl.nio.reactor.AbstractIOReactor.processEvents(AbstractIOReactor.java:315)
		at org.apache.http.impl.nio.reactor.AbstractIOReactor.execute(AbstractIOReactor.java:276)
		at org.apache.http.impl.nio.reactor.BaseIOReactor.execute(BaseIOReactor.java:104)
		at org.apache.http.impl.nio.reactor.AbstractMultiworkerIOReactor$Worker.run(AbstractMultiworkerIOReactor.java:591)
		at java.base/java.lang.Thread.run(Thread.java:1583)
Caused by: java.net.SocketException: Connection reset
	at java.base/sun.nio.ch.SocketChannelImpl.throwConnectionReset(SocketChannelImpl.java:401)
	at java.base/sun.nio.ch.SocketChannelImpl.read(SocketChannelImpl.java:434)
	at org.apache.http.nio.reactor.ssl.SSLIOSession.receiveEncryptedData(SSLIOSession.java:482)
	at org.apache.http.nio.reactor.ssl.SSLIOSession.isAppInputReady(SSLIOSession.java:544)
	at org.apache.http.impl.nio.reactor.AbstractIODispatch.inputReady(AbstractIODispatch.java:120)
	at org.apache.http.impl.nio.reactor.BaseIOReactor.readable(BaseIOReactor.java:162)
	at org.apache.http.impl.nio.reactor.AbstractIOReactor.processEvent(AbstractIOReactor.java:337)
	at org.apache.http.impl.nio.reactor.AbstractIOReactor.processEvents(AbstractIOReactor.java:315)
	at org.apache.http.impl.nio.reactor.AbstractIOReactor.execute(AbstractIOReactor.java:276)
	at org.apache.http.impl.nio.reactor.BaseIOReactor.execute(BaseIOReactor.java:104)
	at org.apache.http.impl.nio.reactor.AbstractMultiworkerIOReactor$Worker.run(AbstractMultiworkerIOReactor.java:591)
	at java.base/java.lang.Thread.run(Thread.java:1583)

com.noinch.mall.springboot.starter.elasticsearch.ElasticTest.testElasticsearchClientConnection -- Time elapsed: 0.016 s <<< ERROR!
java.io.IOException: Connection reset
	at org.elasticsearch.client.RestClient.extractAndWrapCause(RestClient.java:935)
	at org.elasticsearch.client.RestClient.performRequest(RestClient.java:300)
	at org.elasticsearch.client.RestClient.performRequest(RestClient.java:288)
	at co.elastic.clients.transport.rest_client.RestClientHttpClient.performRequest(RestClientHttpClient.java:91)
	at co.elastic.clients.transport.ElasticsearchTransportBase.performRequest(ElasticsearchTransportBase.java:144)
	at co.elastic.clients.elasticsearch.ElasticsearchClient.index(ElasticsearchClient.java:1141)
	at com.noinch.mall.springboot.starter.elasticsearch.ElasticTest.setUp(ElasticTest.java:66)
	at java.base/java.lang.reflect.Method.invoke(Method.java:580)
	at java.base/java.util.ArrayList.forEach(ArrayList.java:1596)
	at java.base/java.util.ArrayList.forEach(ArrayList.java:1596)
	Suppressed: java.io.IOException: Connection reset
		at org.elasticsearch.client.RestClient.extractAndWrapCause(RestClient.java:935)
		at org.elasticsearch.client.RestClient.performRequest(RestClient.java:300)
		at org.elasticsearch.client.RestClient.performRequest(RestClient.java:288)
		at co.elastic.clients.transport.rest_client.RestClientHttpClient.performRequest(RestClientHttpClient.java:91)
		at co.elastic.clients.transport.ElasticsearchTransportBase.performRequest(ElasticsearchTransportBase.java:144)
		at co.elastic.clients.elasticsearch.ElasticsearchClient.delete(ElasticsearchClient.java:564)
		at com.noinch.mall.springboot.starter.elasticsearch.ElasticTest.tearDown(ElasticTest.java:79)
		... 3 more
	Caused by: java.net.SocketException: Connection reset
		at java.base/sun.nio.ch.SocketChannelImpl.throwConnectionReset(SocketChannelImpl.java:401)
		at java.base/sun.nio.ch.SocketChannelImpl.read(SocketChannelImpl.java:434)
		at org.apache.http.nio.reactor.ssl.SSLIOSession.receiveEncryptedData(SSLIOSession.java:482)
		at org.apache.http.nio.reactor.ssl.SSLIOSession.isAppInputReady(SSLIOSession.java:544)
		at org.apache.http.impl.nio.reactor.AbstractIODispatch.inputReady(AbstractIODispatch.java:120)
		at org.apache.http.impl.nio.reactor.BaseIOReactor.readable(BaseIOReactor.java:162)
		at org.apache.http.impl.nio.reactor.AbstractIOReactor.processEvent(AbstractIOReactor.java:337)
		at org.apache.http.impl.nio.reactor.AbstractIOReactor.processEvents(AbstractIOReactor.java:315)
		at org.apache.http.impl.nio.reactor.AbstractIOReactor.execute(AbstractIOReactor.java:276)
		at org.apache.http.impl.nio.reactor.BaseIOReactor.execute(BaseIOReactor.java:104)
		at org.apache.http.impl.nio.reactor.AbstractMultiworkerIOReactor$Worker.run(AbstractMultiworkerIOReactor.java:591)
		at java.base/java.lang.Thread.run(Thread.java:1583)
Caused by: java.net.SocketException: Connection reset
	at java.base/sun.nio.ch.SocketChannelImpl.throwConnectionReset(SocketChannelImpl.java:401)
	at java.base/sun.nio.ch.SocketChannelImpl.read(SocketChannelImpl.java:434)
	at org.apache.http.nio.reactor.ssl.SSLIOSession.receiveEncryptedData(SSLIOSession.java:482)
	at org.apache.http.nio.reactor.ssl.SSLIOSession.isAppInputReady(SSLIOSession.java:544)
	at org.apache.http.impl.nio.reactor.AbstractIODispatch.inputReady(AbstractIODispatch.java:120)
	at org.apache.http.impl.nio.reactor.BaseIOReactor.readable(BaseIOReactor.java:162)
	at org.apache.http.impl.nio.reactor.AbstractIOReactor.processEvent(AbstractIOReactor.java:337)
	at org.apache.http.impl.nio.reactor.AbstractIOReactor.processEvents(AbstractIOReactor.java:315)
	at org.apache.http.impl.nio.reactor.AbstractIOReactor.execute(AbstractIOReactor.java:276)
	at org.apache.http.impl.nio.reactor.BaseIOReactor.execute(BaseIOReactor.java:104)
	at org.apache.http.impl.nio.reactor.AbstractMultiworkerIOReactor$Worker.run(AbstractMultiworkerIOReactor.java:591)
	at java.base/java.lang.Thread.run(Thread.java:1583)

com.noinch.mall.springboot.starter.elasticsearch.ElasticTest.testElasticsearchOperationsConnection -- Time elapsed: 0.020 s <<< ERROR!
java.io.IOException: Connection reset
	at org.elasticsearch.client.RestClient.extractAndWrapCause(RestClient.java:935)
	at org.elasticsearch.client.RestClient.performRequest(RestClient.java:300)
	at org.elasticsearch.client.RestClient.performRequest(RestClient.java:288)
	at co.elastic.clients.transport.rest_client.RestClientHttpClient.performRequest(RestClientHttpClient.java:91)
	at co.elastic.clients.transport.ElasticsearchTransportBase.performRequest(ElasticsearchTransportBase.java:144)
	at co.elastic.clients.elasticsearch.ElasticsearchClient.index(ElasticsearchClient.java:1141)
	at com.noinch.mall.springboot.starter.elasticsearch.ElasticTest.setUp(ElasticTest.java:66)
	at java.base/java.lang.reflect.Method.invoke(Method.java:580)
	at java.base/java.util.ArrayList.forEach(ArrayList.java:1596)
	at java.base/java.util.ArrayList.forEach(ArrayList.java:1596)
	Suppressed: java.io.IOException: Connection reset
		at org.elasticsearch.client.RestClient.extractAndWrapCause(RestClient.java:935)
		at org.elasticsearch.client.RestClient.performRequest(RestClient.java:300)
		at org.elasticsearch.client.RestClient.performRequest(RestClient.java:288)
		at co.elastic.clients.transport.rest_client.RestClientHttpClient.performRequest(RestClientHttpClient.java:91)
		at co.elastic.clients.transport.ElasticsearchTransportBase.performRequest(ElasticsearchTransportBase.java:144)
		at co.elastic.clients.elasticsearch.ElasticsearchClient.delete(ElasticsearchClient.java:564)
		at com.noinch.mall.springboot.starter.elasticsearch.ElasticTest.tearDown(ElasticTest.java:79)
		... 3 more
	Caused by: java.net.SocketException: Connection reset
		at java.base/sun.nio.ch.SocketChannelImpl.throwConnectionReset(SocketChannelImpl.java:401)
		at java.base/sun.nio.ch.SocketChannelImpl.read(SocketChannelImpl.java:434)
		at org.apache.http.nio.reactor.ssl.SSLIOSession.receiveEncryptedData(SSLIOSession.java:482)
		at org.apache.http.nio.reactor.ssl.SSLIOSession.isAppInputReady(SSLIOSession.java:544)
		at org.apache.http.impl.nio.reactor.AbstractIODispatch.inputReady(AbstractIODispatch.java:120)
		at org.apache.http.impl.nio.reactor.BaseIOReactor.readable(BaseIOReactor.java:162)
		at org.apache.http.impl.nio.reactor.AbstractIOReactor.processEvent(AbstractIOReactor.java:337)
		at org.apache.http.impl.nio.reactor.AbstractIOReactor.processEvents(AbstractIOReactor.java:315)
		at org.apache.http.impl.nio.reactor.AbstractIOReactor.execute(AbstractIOReactor.java:276)
		at org.apache.http.impl.nio.reactor.BaseIOReactor.execute(BaseIOReactor.java:104)
		at org.apache.http.impl.nio.reactor.AbstractMultiworkerIOReactor$Worker.run(AbstractMultiworkerIOReactor.java:591)
		at java.base/java.lang.Thread.run(Thread.java:1583)
Caused by: java.net.SocketException: Connection reset
	at java.base/sun.nio.ch.SocketChannelImpl.throwConnectionReset(SocketChannelImpl.java:401)
	at java.base/sun.nio.ch.SocketChannelImpl.read(SocketChannelImpl.java:434)
	at org.apache.http.nio.reactor.ssl.SSLIOSession.receiveEncryptedData(SSLIOSession.java:482)
	at org.apache.http.nio.reactor.ssl.SSLIOSession.isAppInputReady(SSLIOSession.java:544)
	at org.apache.http.impl.nio.reactor.AbstractIODispatch.inputReady(AbstractIODispatch.java:120)
	at org.apache.http.impl.nio.reactor.BaseIOReactor.readable(BaseIOReactor.java:162)
	at org.apache.http.impl.nio.reactor.AbstractIOReactor.processEvent(AbstractIOReactor.java:337)
	at org.apache.http.impl.nio.reactor.AbstractIOReactor.processEvents(AbstractIOReactor.java:315)
	at org.apache.http.impl.nio.reactor.AbstractIOReactor.execute(AbstractIOReactor.java:276)
	at org.apache.http.impl.nio.reactor.BaseIOReactor.execute(BaseIOReactor.java:104)
	at org.apache.http.impl.nio.reactor.AbstractMultiworkerIOReactor$Worker.run(AbstractMultiworkerIOReactor.java:591)
	at java.base/java.lang.Thread.run(Thread.java:1583)

com.noinch.mall.springboot.starter.elasticsearch.ElasticTest.testSearchByCriteria -- Time elapsed: 0.015 s <<< ERROR!
org.apache.http.ConnectionClosedException: Connection is closed
	at org.elasticsearch.client.RestClient.extractAndWrapCause(RestClient.java:920)
	at org.elasticsearch.client.RestClient.performRequest(RestClient.java:300)
	at org.elasticsearch.client.RestClient.performRequest(RestClient.java:288)
	at co.elastic.clients.transport.rest_client.RestClientHttpClient.performRequest(RestClientHttpClient.java:91)
	at co.elastic.clients.transport.ElasticsearchTransportBase.performRequest(ElasticsearchTransportBase.java:144)
	at co.elastic.clients.elasticsearch.ElasticsearchClient.index(ElasticsearchClient.java:1141)
	at com.noinch.mall.springboot.starter.elasticsearch.ElasticTest.setUp(ElasticTest.java:66)
	at java.base/java.lang.reflect.Method.invoke(Method.java:580)
	at java.base/java.util.ArrayList.forEach(ArrayList.java:1596)
	at java.base/java.util.ArrayList.forEach(ArrayList.java:1596)
	Suppressed: java.io.IOException: Connection reset
		at org.elasticsearch.client.RestClient.extractAndWrapCause(RestClient.java:935)
		at org.elasticsearch.client.RestClient.performRequest(RestClient.java:300)
		at org.elasticsearch.client.RestClient.performRequest(RestClient.java:288)
		at co.elastic.clients.transport.rest_client.RestClientHttpClient.performRequest(RestClientHttpClient.java:91)
		at co.elastic.clients.transport.ElasticsearchTransportBase.performRequest(ElasticsearchTransportBase.java:144)
		at co.elastic.clients.elasticsearch.ElasticsearchClient.delete(ElasticsearchClient.java:564)
		at com.noinch.mall.springboot.starter.elasticsearch.ElasticTest.tearDown(ElasticTest.java:79)
		... 3 more
	Caused by: java.net.SocketException: Connection reset
		at java.base/sun.nio.ch.SocketChannelImpl.throwConnectionReset(SocketChannelImpl.java:401)
		at java.base/sun.nio.ch.SocketChannelImpl.read(SocketChannelImpl.java:434)
		at org.apache.http.nio.reactor.ssl.SSLIOSession.receiveEncryptedData(SSLIOSession.java:482)
		at org.apache.http.nio.reactor.ssl.SSLIOSession.isAppInputReady(SSLIOSession.java:544)
		at org.apache.http.impl.nio.reactor.AbstractIODispatch.inputReady(AbstractIODispatch.java:120)
		at org.apache.http.impl.nio.reactor.BaseIOReactor.readable(BaseIOReactor.java:162)
		at org.apache.http.impl.nio.reactor.AbstractIOReactor.processEvent(AbstractIOReactor.java:337)
		at org.apache.http.impl.nio.reactor.AbstractIOReactor.processEvents(AbstractIOReactor.java:315)
		at org.apache.http.impl.nio.reactor.AbstractIOReactor.execute(AbstractIOReactor.java:276)
		at org.apache.http.impl.nio.reactor.BaseIOReactor.execute(BaseIOReactor.java:104)
		at org.apache.http.impl.nio.reactor.AbstractMultiworkerIOReactor$Worker.run(AbstractMultiworkerIOReactor.java:591)
		at java.base/java.lang.Thread.run(Thread.java:1583)
Caused by: org.apache.http.ConnectionClosedException: Connection is closed
	at org.apache.http.nio.protocol.HttpAsyncRequestExecutor.endOfInput(HttpAsyncRequestExecutor.java:356)
	at org.apache.http.impl.nio.DefaultNHttpClientConnection.consumeInput(DefaultNHttpClientConnection.java:261)
	at org.apache.http.impl.nio.client.InternalIODispatch.onInputReady(InternalIODispatch.java:87)
	at org.apache.http.impl.nio.client.InternalIODispatch.onInputReady(InternalIODispatch.java:40)
	at org.apache.http.impl.nio.reactor.AbstractIODispatch.inputReady(AbstractIODispatch.java:121)
	at org.apache.http.impl.nio.reactor.BaseIOReactor.readable(BaseIOReactor.java:162)
	at org.apache.http.impl.nio.reactor.AbstractIOReactor.processEvent(AbstractIOReactor.java:337)
	at org.apache.http.impl.nio.reactor.AbstractIOReactor.processEvents(AbstractIOReactor.java:315)
	at org.apache.http.impl.nio.reactor.AbstractIOReactor.execute(AbstractIOReactor.java:276)
	at org.apache.http.impl.nio.reactor.BaseIOReactor.execute(BaseIOReactor.java:104)
	at org.apache.http.impl.nio.reactor.AbstractMultiworkerIOReactor$Worker.run(AbstractMultiworkerIOReactor.java:591)
	at java.base/java.lang.Thread.run(Thread.java:1583)

