<?xml version="1.0" encoding="UTF-8"?>
<testsuite xmlns:xsi="http://www.w3.org/2001/XMLSchema-instance" xsi:noNamespaceSchemaLocation="https://maven.apache.org/surefire/maven-surefire-plugin/xsd/surefire-test-report-3.0.xsd" version="3.0" name="com.noinch.mall.springboot.starter.elasticsearch.ElasticTest" time="2.461" tests="5" errors="5" skipped="0" failures="0">
  <properties>
[...]
</properties>
  <testcase name="testGetDocument" classname="com.noinch.mall.springboot.starter.elasticsearch.ElasticTest" time="0.99">
    <error message="Connection is closed" type="org.apache.http.ConnectionClosedException"><![CDATA[org.apache.http.ConnectionClosedException: Connection is closed
	at org.elasticsearch.client.RestClient.extractAndWrapCause(RestClient.java:920)
	at org.elasticsearch.client.RestClient.performRequest(RestClient.java:300)
	at org.elasticsearch.client.RestClient.performRequest(RestClient.java:288)
	at co.elastic.clients.transport.rest_client.RestClientHttpClient.performRequest(RestClientHttpClient.java:91)
	at co.elastic.clients.transport.ElasticsearchTransportBase.performRequest(ElasticsearchTransportBase.java:144)
	at co.elastic.clients.elasticsearch.ElasticsearchClient.index(ElasticsearchClient.java:1141)
	at com.noinch.mall.springboot.starter.elasticsearch.ElasticTest.setUp(ElasticTest.java:66)
	at java.base/java.lang.reflect.Method.invoke(Method.java:580)
	at java.base/java.util.ArrayList.forEach(ArrayList.java:1596)
	at java.base/java.util.ArrayList.forEach(ArrayList.java:1596)
	Suppressed: java.io.IOException: Connection reset
		at org.elasticsearch.client.RestClient.extractAndWrapCause(RestClient.java:935)
		at org.elasticsearch.client.RestClient.performRequest(RestClient.java:300)
		at org.elasticsearch.client.RestClient.performRequest(RestClient.java:288)
		at co.elastic.clients.transport.rest_client.RestClientHttpClient.performRequest(RestClientHttpClient.java:91)
		at co.elastic.clients.transport.ElasticsearchTransportBase.performRequest(ElasticsearchTransportBase.java:144)
		at co.elastic.clients.elasticsearch.ElasticsearchClient.delete(ElasticsearchClient.java:564)
		at com.noinch.mall.springboot.starter.elasticsearch.ElasticTest.tearDown(ElasticTest.java:79)
		... 3 more
	Caused by: java.net.SocketException: Connection reset
		at java.base/sun.nio.ch.SocketChannelImpl.throwConnectionReset(SocketChannelImpl.java:401)
		at java.base/sun.nio.ch.SocketChannelImpl.read(SocketChannelImpl.java:434)
		at org.apache.http.nio.reactor.ssl.SSLIOSession.receiveEncryptedData(SSLIOSession.java:482)
		at org.apache.http.nio.reactor.ssl.SSLIOSession.isAppInputReady(SSLIOSession.java:544)
		at org.apache.http.impl.nio.reactor.AbstractIODispatch.inputReady(AbstractIODispatch.java:120)
		at org.apache.http.impl.nio.reactor.BaseIOReactor.readable(BaseIOReactor.java:162)
		at org.apache.http.impl.nio.reactor.AbstractIOReactor.processEvent(AbstractIOReactor.java:337)
		at org.apache.http.impl.nio.reactor.AbstractIOReactor.processEvents(AbstractIOReactor.java:315)
		at org.apache.http.impl.nio.reactor.AbstractIOReactor.execute(AbstractIOReactor.java:276)
		at org.apache.http.impl.nio.reactor.BaseIOReactor.execute(BaseIOReactor.java:104)
		at org.apache.http.impl.nio.reactor.AbstractMultiworkerIOReactor$Worker.run(AbstractMultiworkerIOReactor.java:591)
		at java.base/java.lang.Thread.run(Thread.java:1583)
Caused by: org.apache.http.ConnectionClosedException: Connection is closed
	at org.apache.http.nio.protocol.HttpAsyncRequestExecutor.endOfInput(HttpAsyncRequestExecutor.java:356)
	at org.apache.http.impl.nio.DefaultNHttpClientConnection.consumeInput(DefaultNHttpClientConnection.java:261)
	at org.apache.http.impl.nio.client.InternalIODispatch.onInputReady(InternalIODispatch.java:87)
	at org.apache.http.impl.nio.client.InternalIODispatch.onInputReady(InternalIODispatch.java:40)
	at org.apache.http.impl.nio.reactor.AbstractIODispatch.inputReady(AbstractIODispatch.java:121)
	at org.apache.http.impl.nio.reactor.BaseIOReactor.readable(BaseIOReactor.java:162)
	at org.apache.http.impl.nio.reactor.AbstractIOReactor.processEvent(AbstractIOReactor.java:337)
	at org.apache.http.impl.nio.reactor.AbstractIOReactor.processEvents(AbstractIOReactor.java:315)
	at org.apache.http.impl.nio.reactor.AbstractIOReactor.execute(AbstractIOReactor.java:276)
	at org.apache.http.impl.nio.reactor.BaseIOReactor.execute(BaseIOReactor.java:104)
	at org.apache.http.impl.nio.reactor.AbstractMultiworkerIOReactor$Worker.run(AbstractMultiworkerIOReactor.java:591)
	at java.base/java.lang.Thread.run(Thread.java:1583)
]]></error>
    <system-out><![CDATA[
  .   ____          _            __ _ _
 /\\ / ___'_ __ _ _(_)_ __  __ _ \ \ \ \
( ( )\___ | '_ | '_| | '_ \/ _` | \ \ \ \
 \\/  ___)| |_)| | | | | || (_| |  ) ) ) )
  '  |____| .__|_| |_|_| |_\__, | / / / /
 =========|_|==============|___/=/_/_/_/
 :: Spring Boot ::               (v3.2.12)

2026-01-05T21:20:59.359+08:00  INFO 26324 --- [           main] c.n.m.s.s.elasticsearch.ElasticTest      : Starting ElasticTest using Java 21.0.9 with PID 26324 (started by Yutong in D:\MyProjects\mall\mall-framework-all\mall-elasticsearch-spring-boot-starter)
2026-01-05T21:20:59.361+08:00  INFO 26324 --- [           main] c.n.m.s.s.elasticsearch.ElasticTest      : No active profile set, falling back to 1 default profile: "default"
2026-01-05T21:21:00.049+08:00  INFO 26324 --- [           main] c.n.m.s.s.elasticsearch.ElasticTest      : Started ElasticTest in 1.019 seconds (process running for 2.312)
]]></system-out>
    <system-err><![CDATA[WARNING: A Java agent has been loaded dynamically (C:\Users\Yutong\.m2\repository\net\bytebuddy\byte-buddy-agent\1.14.19\byte-buddy-agent-1.14.19.jar)
WARNING: If a serviceability tool is in use, please run with -XX:+EnableDynamicAgentLoading to hide this warning
WARNING: If a serviceability tool is not in use, please run with -Djdk.instrument.traceUsage for more information
WARNING: Dynamic loading of agents will be disallowed by default in a future release
]]></system-err>
  </testcase>
  <testcase name="testSearchWithElasticsearchClient" classname="com.noinch.mall.springboot.starter.elasticsearch.ElasticTest" time="0.018">
    <error message="Connection reset" type="java.io.IOException"><![CDATA[java.io.IOException: Connection reset
	at org.elasticsearch.client.RestClient.extractAndWrapCause(RestClient.java:935)
	at org.elasticsearch.client.RestClient.performRequest(RestClient.java:300)
	at org.elasticsearch.client.RestClient.performRequest(RestClient.java:288)
	at co.elastic.clients.transport.rest_client.RestClientHttpClient.performRequest(RestClientHttpClient.java:91)
	at co.elastic.clients.transport.ElasticsearchTransportBase.performRequest(ElasticsearchTransportBase.java:144)
	at co.elastic.clients.elasticsearch.ElasticsearchClient.index(ElasticsearchClient.java:1141)
	at com.noinch.mall.springboot.starter.elasticsearch.ElasticTest.setUp(ElasticTest.java:66)
	at java.base/java.lang.reflect.Method.invoke(Method.java:580)
	at java.base/java.util.ArrayList.forEach(ArrayList.java:1596)
	at java.base/java.util.ArrayList.forEach(ArrayList.java:1596)
	Suppressed: java.io.IOException: Connection reset
		at org.elasticsearch.client.RestClient.extractAndWrapCause(RestClient.java:935)
		at org.elasticsearch.client.RestClient.performRequest(RestClient.java:300)
		at org.elasticsearch.client.RestClient.performRequest(RestClient.java:288)
		at co.elastic.clients.transport.rest_client.RestClientHttpClient.performRequest(RestClientHttpClient.java:91)
		at co.elastic.clients.transport.ElasticsearchTransportBase.performRequest(ElasticsearchTransportBase.java:144)
		at co.elastic.clients.elasticsearch.ElasticsearchClient.delete(ElasticsearchClient.java:564)
		at com.noinch.mall.springboot.starter.elasticsearch.ElasticTest.tearDown(ElasticTest.java:79)
		... 3 more
	Caused by: java.net.SocketException: Connection reset
		at java.base/sun.nio.ch.SocketChannelImpl.throwConnectionReset(SocketChannelImpl.java:401)
		at java.base/sun.nio.ch.SocketChannelImpl.read(SocketChannelImpl.java:434)
		at org.apache.http.nio.reactor.ssl.SSLIOSession.receiveEncryptedData(SSLIOSession.java:482)
		at org.apache.http.nio.reactor.ssl.SSLIOSession.isAppInputReady(SSLIOSession.java:544)
		at org.apache.http.impl.nio.reactor.AbstractIODispatch.inputReady(AbstractIODispatch.java:120)
		at org.apache.http.impl.nio.reactor.BaseIOReactor.readable(BaseIOReactor.java:162)
		at org.apache.http.impl.nio.reactor.AbstractIOReactor.processEvent(AbstractIOReactor.java:337)
		at org.apache.http.impl.nio.reactor.AbstractIOReactor.processEvents(AbstractIOReactor.java:315)
		at org.apache.http.impl.nio.reactor.AbstractIOReactor.execute(AbstractIOReactor.java:276)
		at org.apache.http.impl.nio.reactor.BaseIOReactor.execute(BaseIOReactor.java:104)
		at org.apache.http.impl.nio.reactor.AbstractMultiworkerIOReactor$Worker.run(AbstractMultiworkerIOReactor.java:591)
		at java.base/java.lang.Thread.run(Thread.java:1583)
Caused by: java.net.SocketException: Connection reset
	at java.base/sun.nio.ch.SocketChannelImpl.throwConnectionReset(SocketChannelImpl.java:401)
	at java.base/sun.nio.ch.SocketChannelImpl.read(SocketChannelImpl.java:434)
	at org.apache.http.nio.reactor.ssl.SSLIOSession.receiveEncryptedData(SSLIOSession.java:482)
	at org.apache.http.nio.reactor.ssl.SSLIOSession.isAppInputReady(SSLIOSession.java:544)
	at org.apache.http.impl.nio.reactor.AbstractIODispatch.inputReady(AbstractIODispatch.java:120)
	at org.apache.http.impl.nio.reactor.BaseIOReactor.readable(BaseIOReactor.java:162)
	at org.apache.http.impl.nio.reactor.AbstractIOReactor.processEvent(AbstractIOReactor.java:337)
	at org.apache.http.impl.nio.reactor.AbstractIOReactor.processEvents(AbstractIOReactor.java:315)
	at org.apache.http.impl.nio.reactor.AbstractIOReactor.execute(AbstractIOReactor.java:276)
	at org.apache.http.impl.nio.reactor.BaseIOReactor.execute(BaseIOReactor.java:104)
	at org.apache.http.impl.nio.reactor.AbstractMultiworkerIOReactor$Worker.run(AbstractMultiworkerIOReactor.java:591)
	at java.base/java.lang.Thread.run(Thread.java:1583)
]]></error>
  </testcase>
  <testcase name="testElasticsearchClientConnection" classname="com.noinch.mall.springboot.starter.elasticsearch.ElasticTest" time="0.016">
    <error message="Connection reset" type="java.io.IOException"><![CDATA[java.io.IOException: Connection reset
	at org.elasticsearch.client.RestClient.extractAndWrapCause(RestClient.java:935)
	at org.elasticsearch.client.RestClient.performRequest(RestClient.java:300)
	at org.elasticsearch.client.RestClient.performRequest(RestClient.java:288)
	at co.elastic.clients.transport.rest_client.RestClientHttpClient.performRequest(RestClientHttpClient.java:91)
	at co.elastic.clients.transport.ElasticsearchTransportBase.performRequest(ElasticsearchTransportBase.java:144)
	at co.elastic.clients.elasticsearch.ElasticsearchClient.index(ElasticsearchClient.java:1141)
	at com.noinch.mall.springboot.starter.elasticsearch.ElasticTest.setUp(ElasticTest.java:66)
	at java.base/java.lang.reflect.Method.invoke(Method.java:580)
	at java.base/java.util.ArrayList.forEach(ArrayList.java:1596)
	at java.base/java.util.ArrayList.forEach(ArrayList.java:1596)
	Suppressed: java.io.IOException: Connection reset
		at org.elasticsearch.client.RestClient.extractAndWrapCause(RestClient.java:935)
		at org.elasticsearch.client.RestClient.performRequest(RestClient.java:300)
		at org.elasticsearch.client.RestClient.performRequest(RestClient.java:288)
		at co.elastic.clients.transport.rest_client.RestClientHttpClient.performRequest(RestClientHttpClient.java:91)
		at co.elastic.clients.transport.ElasticsearchTransportBase.performRequest(ElasticsearchTransportBase.java:144)
		at co.elastic.clients.elasticsearch.ElasticsearchClient.delete(ElasticsearchClient.java:564)
		at com.noinch.mall.springboot.starter.elasticsearch.ElasticTest.tearDown(ElasticTest.java:79)
		... 3 more
	Caused by: java.net.SocketException: Connection reset
		at java.base/sun.nio.ch.SocketChannelImpl.throwConnectionReset(SocketChannelImpl.java:401)
		at java.base/sun.nio.ch.SocketChannelImpl.read(SocketChannelImpl.java:434)
		at org.apache.http.nio.reactor.ssl.SSLIOSession.receiveEncryptedData(SSLIOSession.java:482)
		at org.apache.http.nio.reactor.ssl.SSLIOSession.isAppInputReady(SSLIOSession.java:544)
		at org.apache.http.impl.nio.reactor.AbstractIODispatch.inputReady(AbstractIODispatch.java:120)
		at org.apache.http.impl.nio.reactor.BaseIOReactor.readable(BaseIOReactor.java:162)
		at org.apache.http.impl.nio.reactor.AbstractIOReactor.processEvent(AbstractIOReactor.java:337)
		at org.apache.http.impl.nio.reactor.AbstractIOReactor.processEvents(AbstractIOReactor.java:315)
		at org.apache.http.impl.nio.reactor.AbstractIOReactor.execute(AbstractIOReactor.java:276)
		at org.apache.http.impl.nio.reactor.BaseIOReactor.execute(BaseIOReactor.java:104)
		at org.apache.http.impl.nio.reactor.AbstractMultiworkerIOReactor$Worker.run(AbstractMultiworkerIOReactor.java:591)
		at java.base/java.lang.Thread.run(Thread.java:1583)
Caused by: java.net.SocketException: Connection reset
	at java.base/sun.nio.ch.SocketChannelImpl.throwConnectionReset(SocketChannelImpl.java:401)
	at java.base/sun.nio.ch.SocketChannelImpl.read(SocketChannelImpl.java:434)
	at org.apache.http.nio.reactor.ssl.SSLIOSession.receiveEncryptedData(SSLIOSession.java:482)
	at org.apache.http.nio.reactor.ssl.SSLIOSession.isAppInputReady(SSLIOSession.java:544)
	at org.apache.http.impl.nio.reactor.AbstractIODispatch.inputReady(AbstractIODispatch.java:120)
	at org.apache.http.impl.nio.reactor.BaseIOReactor.readable(BaseIOReactor.java:162)
	at org.apache.http.impl.nio.reactor.AbstractIOReactor.processEvent(AbstractIOReactor.java:337)
	at org.apache.http.impl.nio.reactor.AbstractIOReactor.processEvents(AbstractIOReactor.java:315)
	at org.apache.http.impl.nio.reactor.AbstractIOReactor.execute(AbstractIOReactor.java:276)
	at org.apache.http.impl.nio.reactor.BaseIOReactor.execute(BaseIOReactor.java:104)
	at org.apache.http.impl.nio.reactor.AbstractMultiworkerIOReactor$Worker.run(AbstractMultiworkerIOReactor.java:591)
	at java.base/java.lang.Thread.run(Thread.java:1583)
]]></error>
  </testcase>
  <testcase name="testElasticsearchOperationsConnection" classname="com.noinch.mall.springboot.starter.elasticsearch.ElasticTest" time="0.02">
    <error message="Connection reset" type="java.io.IOException"><![CDATA[java.io.IOException: Connection reset
	at org.elasticsearch.client.RestClient.extractAndWrapCause(RestClient.java:935)
	at org.elasticsearch.client.RestClient.performRequest(RestClient.java:300)
	at org.elasticsearch.client.RestClient.performRequest(RestClient.java:288)
	at co.elastic.clients.transport.rest_client.RestClientHttpClient.performRequest(RestClientHttpClient.java:91)
	at co.elastic.clients.transport.ElasticsearchTransportBase.performRequest(ElasticsearchTransportBase.java:144)
	at co.elastic.clients.elasticsearch.ElasticsearchClient.index(ElasticsearchClient.java:1141)
	at com.noinch.mall.springboot.starter.elasticsearch.ElasticTest.setUp(ElasticTest.java:66)
	at java.base/java.lang.reflect.Method.invoke(Method.java:580)
	at java.base/java.util.ArrayList.forEach(ArrayList.java:1596)
	at java.base/java.util.ArrayList.forEach(ArrayList.java:1596)
	Suppressed: java.io.IOException: Connection reset
		at org.elasticsearch.client.RestClient.extractAndWrapCause(RestClient.java:935)
		at org.elasticsearch.client.RestClient.performRequest(RestClient.java:300)
		at org.elasticsearch.client.RestClient.performRequest(RestClient.java:288)
		at co.elastic.clients.transport.rest_client.RestClientHttpClient.performRequest(RestClientHttpClient.java:91)
		at co.elastic.clients.transport.ElasticsearchTransportBase.performRequest(ElasticsearchTransportBase.java:144)
		at co.elastic.clients.elasticsearch.ElasticsearchClient.delete(ElasticsearchClient.java:564)
		at com.noinch.mall.springboot.starter.elasticsearch.ElasticTest.tearDown(ElasticTest.java:79)
		... 3 more
	Caused by: java.net.SocketException: Connection reset
		at java.base/sun.nio.ch.SocketChannelImpl.throwConnectionReset(SocketChannelImpl.java:401)
		at java.base/sun.nio.ch.SocketChannelImpl.read(SocketChannelImpl.java:434)
		at org.apache.http.nio.reactor.ssl.SSLIOSession.receiveEncryptedData(SSLIOSession.java:482)
		at org.apache.http.nio.reactor.ssl.SSLIOSession.isAppInputReady(SSLIOSession.java:544)
		at org.apache.http.impl.nio.reactor.AbstractIODispatch.inputReady(AbstractIODispatch.java:120)
		at org.apache.http.impl.nio.reactor.BaseIOReactor.readable(BaseIOReactor.java:162)
		at org.apache.http.impl.nio.reactor.AbstractIOReactor.processEvent(AbstractIOReactor.java:337)
		at org.apache.http.impl.nio.reactor.AbstractIOReactor.processEvents(AbstractIOReactor.java:315)
		at org.apache.http.impl.nio.reactor.AbstractIOReactor.execute(AbstractIOReactor.java:276)
		at org.apache.http.impl.nio.reactor.BaseIOReactor.execute(BaseIOReactor.java:104)
		at org.apache.http.impl.nio.reactor.AbstractMultiworkerIOReactor$Worker.run(AbstractMultiworkerIOReactor.java:591)
		at java.base/java.lang.Thread.run(Thread.java:1583)
Caused by: java.net.SocketException: Connection reset
	at java.base/sun.nio.ch.SocketChannelImpl.throwConnectionReset(SocketChannelImpl.java:401)
	at java.base/sun.nio.ch.SocketChannelImpl.read(SocketChannelImpl.java:434)
	at org.apache.http.nio.reactor.ssl.SSLIOSession.receiveEncryptedData(SSLIOSession.java:482)
	at org.apache.http.nio.reactor.ssl.SSLIOSession.isAppInputReady(SSLIOSession.java:544)
	at org.apache.http.impl.nio.reactor.AbstractIODispatch.inputReady(AbstractIODispatch.java:120)
	at org.apache.http.impl.nio.reactor.BaseIOReactor.readable(BaseIOReactor.java:162)
	at org.apache.http.impl.nio.reactor.AbstractIOReactor.processEvent(AbstractIOReactor.java:337)
	at org.apache.http.impl.nio.reactor.AbstractIOReactor.processEvents(AbstractIOReactor.java:315)
	at org.apache.http.impl.nio.reactor.AbstractIOReactor.execute(AbstractIOReactor.java:276)
	at org.apache.http.impl.nio.reactor.BaseIOReactor.execute(BaseIOReactor.java:104)
	at org.apache.http.impl.nio.reactor.AbstractMultiworkerIOReactor$Worker.run(AbstractMultiworkerIOReactor.java:591)
	at java.base/java.lang.Thread.run(Thread.java:1583)
]]></error>
  </testcase>
  <testcase name="testSearchByCriteria" classname="com.noinch.mall.springboot.starter.elasticsearch.ElasticTest" time="0.015">
    <error message="Connection is closed" type="org.apache.http.ConnectionClosedException"><![CDATA[org.apache.http.ConnectionClosedException: Connection is closed
	at org.elasticsearch.client.RestClient.extractAndWrapCause(RestClient.java:920)
	at org.elasticsearch.client.RestClient.performRequest(RestClient.java:300)
	at org.elasticsearch.client.RestClient.performRequest(RestClient.java:288)
	at co.elastic.clients.transport.rest_client.RestClientHttpClient.performRequest(RestClientHttpClient.java:91)
	at co.elastic.clients.transport.ElasticsearchTransportBase.performRequest(ElasticsearchTransportBase.java:144)
	at co.elastic.clients.elasticsearch.ElasticsearchClient.index(ElasticsearchClient.java:1141)
	at com.noinch.mall.springboot.starter.elasticsearch.ElasticTest.setUp(ElasticTest.java:66)
	at java.base/java.lang.reflect.Method.invoke(Method.java:580)
	at java.base/java.util.ArrayList.forEach(ArrayList.java:1596)
	at java.base/java.util.ArrayList.forEach(ArrayList.java:1596)
	Suppressed: java.io.IOException: Connection reset
		at org.elasticsearch.client.RestClient.extractAndWrapCause(RestClient.java:935)
		at org.elasticsearch.client.RestClient.performRequest(RestClient.java:300)
		at org.elasticsearch.client.RestClient.performRequest(RestClient.java:288)
		at co.elastic.clients.transport.rest_client.RestClientHttpClient.performRequest(RestClientHttpClient.java:91)
		at co.elastic.clients.transport.ElasticsearchTransportBase.performRequest(ElasticsearchTransportBase.java:144)
		at co.elastic.clients.elasticsearch.ElasticsearchClient.delete(ElasticsearchClient.java:564)
		at com.noinch.mall.springboot.starter.elasticsearch.ElasticTest.tearDown(ElasticTest.java:79)
		... 3 more
	Caused by: java.net.SocketException: Connection reset
		at java.base/sun.nio.ch.SocketChannelImpl.throwConnectionReset(SocketChannelImpl.java:401)
		at java.base/sun.nio.ch.SocketChannelImpl.read(SocketChannelImpl.java:434)
		at org.apache.http.nio.reactor.ssl.SSLIOSession.receiveEncryptedData(SSLIOSession.java:482)
		at org.apache.http.nio.reactor.ssl.SSLIOSession.isAppInputReady(SSLIOSession.java:544)
		at org.apache.http.impl.nio.reactor.AbstractIODispatch.inputReady(AbstractIODispatch.java:120)
		at org.apache.http.impl.nio.reactor.BaseIOReactor.readable(BaseIOReactor.java:162)
		at org.apache.http.impl.nio.reactor.AbstractIOReactor.processEvent(AbstractIOReactor.java:337)
		at org.apache.http.impl.nio.reactor.AbstractIOReactor.processEvents(AbstractIOReactor.java:315)
		at org.apache.http.impl.nio.reactor.AbstractIOReactor.execute(AbstractIOReactor.java:276)
		at org.apache.http.impl.nio.reactor.BaseIOReactor.execute(BaseIOReactor.java:104)
		at org.apache.http.impl.nio.reactor.AbstractMultiworkerIOReactor$Worker.run(AbstractMultiworkerIOReactor.java:591)
		at java.base/java.lang.Thread.run(Thread.java:1583)
Caused by: org.apache.http.ConnectionClosedException: Connection is closed
	at org.apache.http.nio.protocol.HttpAsyncRequestExecutor.endOfInput(HttpAsyncRequestExecutor.java:356)
	at org.apache.http.impl.nio.DefaultNHttpClientConnection.consumeInput(DefaultNHttpClientConnection.java:261)
	at org.apache.http.impl.nio.client.InternalIODispatch.onInputReady(InternalIODispatch.java:87)
	at org.apache.http.impl.nio.client.InternalIODispatch.onInputReady(InternalIODispatch.java:40)
	at org.apache.http.impl.nio.reactor.AbstractIODispatch.inputReady(AbstractIODispatch.java:121)
	at org.apache.http.impl.nio.reactor.BaseIOReactor.readable(BaseIOReactor.java:162)
	at org.apache.http.impl.nio.reactor.AbstractIOReactor.processEvent(AbstractIOReactor.java:337)
	at org.apache.http.impl.nio.reactor.AbstractIOReactor.processEvents(AbstractIOReactor.java:315)
	at org.apache.http.impl.nio.reactor.AbstractIOReactor.execute(AbstractIOReactor.java:276)
	at org.apache.http.impl.nio.reactor.BaseIOReactor.execute(BaseIOReactor.java:104)
	at org.apache.http.impl.nio.reactor.AbstractMultiworkerIOReactor$Worker.run(AbstractMultiworkerIOReactor.java:591)
	at java.base/java.lang.Thread.run(Thread.java:1583)
]]></error>
  </testcase>
</testsuite>